<?xml version="1.0" encoding="UTF-8"?>
<testng-results ignored="0" total="1" passed="1" failed="0" skipped="0">
  <reporter-output>
  </reporter-output>
  <suite started-at="2023-04-18T15:59:05 IST" name="Suite" finished-at="2023-04-18T15:59:18 IST" duration-ms="12534">
    <groups>
    </groups>
    <test started-at="2023-04-18T15:59:05 IST" name="Test" finished-at="2023-04-18T15:59:18 IST" duration-ms="12534">
      <class name="DAY9.day9task5">
        <test-method is-config="true" signature="beforeMethod()[pri:0, instance:DAY9.day9task5@72057ecf]" started-at="2023-04-18T15:59:05 IST" name="beforeMethod" finished-at="2023-04-18T15:59:16 IST" duration-ms="10791" status="PASS">
          <reporter-output>
          </reporter-output>
        </test-method> <!-- beforeMethod -->
        <test-method signature="function()[pri:0, instance:DAY9.day9task5@72057ecf]" started-at="2023-04-18T15:59:16 IST" name="function" finished-at="2023-04-18T15:59:18 IST" duration-ms="1540" status="PASS">
          <reporter-output>
          </reporter-output>
        </test-method> <!-- function -->
        <test-method is-config="true" signature="afterMethod()[pri:0, instance:DAY9.day9task5@72057ecf]" started-at="2023-04-18T15:59:18 IST" name="afterMethod" finished-at="2023-04-18T15:59:18 IST" duration-ms="176" status="PASS">
          <reporter-output>
          </reporter-output>
        </test-method> <!-- afterMethod -->
      </class> <!-- DAY9.day9task5 -->
    </test> <!-- Test -->
  </suite> <!-- Suite -->
</testng-results>
